<?xml version="1.0" encoding="UTF-8"?>
<testsuite xmlns:xsi="http://www.w3.org/2001/XMLSchema-instance" xsi:noNamespaceSchemaLocation="https://maven.apache.org/surefire/maven-surefire-plugin/xsd/surefire-test-report.xsd" version="3.0.2" name="com.order.management.TestController.OrderManagementControllerTest" time="1.524" tests="5" errors="0" skipped="0" failures="0">
  <properties>
[...]
</properties>
  <testcase name="testDeleteOrder" classname="com.order.management.TestController.OrderManagementControllerTest" time="0.163">
    <system-out><![CDATA[2025-02-12T17:58:55.469+05:30  INFO 6776 --- [OrderManagement] [           main] t.c.s.AnnotationConfigContextLoaderUtils : Could not detect default configuration classes for test class [com.order.management.TestController.OrderManagementControllerTest]: OrderManagementControllerTest does not declare any static, non-private, non-final, nested classes annotated with @Configuration.
2025-02-12T17:58:55.657+05:30  INFO 6776 --- [OrderManagement] [           main] .b.t.c.SpringBootTestContextBootstrapper : Found @SpringBootConfiguration com.order.management.OrderManagementApplication for test class com.order.management.TestController.OrderManagementControllerTest
2025-02-12T17:58:55.668+05:30  INFO 6776 --- [OrderManagement] [           main] o.s.b.d.r.RestartApplicationListener     : Restart disabled due to context in which it is running

  .   ____          _            __ _ _
 /\\ / ___'_ __ _ _(_)_ __  __ _ \ \ \ \
( ( )\___ | '_ | '_| | '_ \/ _` | \ \ \ \
 \\/  ___)| |_)| | | | | || (_| |  ) ) ) )
  '  |____| .__|_| |_|_| |_\__, | / / / /
 =========|_|==============|___/=/_/_/_/

 :: Spring Boot ::                (v3.4.2)

2025-02-12T17:58:55.761+05:30  INFO 6776 --- [OrderManagement] [           main] c.o.m.T.OrderManagementControllerTest    : Starting OrderManagementControllerTest using Java 22.0.1 with PID 6776 (started by Admin in C:\Eclips_Repo\Libary_managment_proj\OrderManagement)
2025-02-12T17:58:55.762+05:30  INFO 6776 --- [OrderManagement] [           main] c.o.m.T.OrderManagementControllerTest    : No active profile set, falling back to 1 default profile: "default"
2025-02-12T17:58:56.386+05:30  INFO 6776 --- [OrderManagement] [           main] o.s.b.t.m.w.SpringBootMockServletContext : Initializing Spring TestDispatcherServlet ''
2025-02-12T17:58:56.386+05:30  INFO 6776 --- [OrderManagement] [           main] o.s.t.web.servlet.TestDispatcherServlet  : Initializing Servlet ''
2025-02-12T17:58:56.390+05:30  INFO 6776 --- [OrderManagement] [           main] o.s.t.web.servlet.TestDispatcherServlet  : Completed initialization in 2 ms
2025-02-12T17:58:56.416+05:30  INFO 6776 --- [OrderManagement] [           main] c.o.m.T.OrderManagementControllerTest    : Started OrderManagementControllerTest in 0.748 seconds (process running for 11.423)
2025-02-12T17:58:56.538+05:30  INFO 6776 --- [OrderManagement] [           main] c.o.m.C.OrderManagementController        : Received request to delete order with ID: 1
]]></system-out>
  </testcase>
  <testcase name="testUpdateOrder" classname="com.order.management.TestController.OrderManagementControllerTest" time="0.215">
    <system-out><![CDATA[2025-02-12T17:58:56.722+05:30  INFO 6776 --- [OrderManagement] [           main] c.o.m.C.OrderManagementController        : Received request to update order with ID: 1
]]></system-out>
  </testcase>
  <testcase name="testCreateOrder" classname="com.order.management.TestController.OrderManagementControllerTest" time="0.067">
    <system-out><![CDATA[2025-02-12T17:58:56.873+05:30  INFO 6776 --- [OrderManagement] [           main] c.o.m.C.OrderManagementController        : Received request to create order: com.order.management.OrderDTO.OrderDTO@35eb95d3
]]></system-out>
  </testcase>
  <testcase name="testListOrders" classname="com.order.management.TestController.OrderManagementControllerTest" time="0.061">
    <system-out><![CDATA[2025-02-12T17:58:56.920+05:30  INFO 6776 --- [OrderManagement] [           main] c.o.m.C.OrderManagementController        : Received request to get order with Status,date: NEW
]]></system-out>
  </testcase>
  <testcase name="testGetOrderById" classname="com.order.management.TestController.OrderManagementControllerTest" time="0.013">
    <system-out><![CDATA[2025-02-12T17:58:56.952+05:30  INFO 6776 --- [OrderManagement] [           main] c.o.m.C.OrderManagementController        : Received request to fetch order with ID: 1
]]></system-out>
  </testcase>
</testsuite>