<?xml version="1.0" encoding="UTF-8"?>
<testsuite xmlns:xsi="http://www.w3.org/2001/XMLSchema-instance" xsi:noNamespaceSchemaLocation="https://maven.apache.org/surefire/maven-surefire-plugin/xsd/surefire-test-report.xsd" version="3.0.2" name="com.order.management.ServiceImpl.OrderManagementServiceTest" time="0.876" tests="9" errors="1" skipped="0" failures="3">
  <properties>
[...]
</properties>
  <testcase name="testUpdateOrder_Success" classname="com.order.management.ServiceImpl.OrderManagementServiceTest" time="0.654">
    <failure message="expected: &lt;John Doe&gt; but was: &lt;null&gt;" type="org.opentest4j.AssertionFailedError"><![CDATA[org.opentest4j.AssertionFailedError: expected: <John Doe> but was: <null>
	at org.junit.jupiter.api.AssertionFailureBuilder.build(AssertionFailureBuilder.java:151)
	at org.junit.jupiter.api.AssertionFailureBuilder.buildAndThrow(AssertionFailureBuilder.java:132)
	at org.junit.jupiter.api.AssertEquals.failNotEqual(AssertEquals.java:197)
	at org.junit.jupiter.api.AssertEquals.assertEquals(AssertEquals.java:182)
	at org.junit.jupiter.api.AssertEquals.assertEquals(AssertEquals.java:177)
	at org.junit.jupiter.api.Assertions.assertEquals(Assertions.java:1145)
	at com.order.management.ServiceImpl.OrderManagementServiceTest.testUpdateOrder_Success(OrderManagementServiceTest.java:110)
	at java.base/java.lang.reflect.Method.invoke(Method.java:580)
	at java.base/java.util.ArrayList.forEach(ArrayList.java:1597)
	at java.base/java.util.ArrayList.forEach(ArrayList.java:1597)
]]></failure>
    <system-out><![CDATA[2025-02-12T17:58:55.104+05:30  INFO 6776 --- [OrderManagement] [           main] c.o.m.S.OrderManagementServiceTest       : Setting up test data...
2025-02-12T17:58:55.162+05:30  INFO 6776 --- [OrderManagement] [           main] c.o.m.S.OrderManagementServiceImpl       : Updating order with ID: 1
]]></system-out>
  </testcase>
  <testcase name="testDeleteOrder_NotFound" classname="com.order.management.ServiceImpl.OrderManagementServiceTest" time="0.02">
    <failure message="Unexpected exception type thrown, expected: &lt;com.order.management.exception.ResourceNotFoundException&gt; but was: &lt;java.lang.RuntimeException&gt;" type="org.opentest4j.AssertionFailedError"><![CDATA[org.opentest4j.AssertionFailedError: Unexpected exception type thrown, expected: <com.order.management.exception.ResourceNotFoundException> but was: <java.lang.RuntimeException>
	at org.junit.jupiter.api.AssertionFailureBuilder.build(AssertionFailureBuilder.java:151)
	at org.junit.jupiter.api.AssertThrows.assertThrows(AssertThrows.java:67)
	at org.junit.jupiter.api.AssertThrows.assertThrows(AssertThrows.java:35)
	at org.junit.jupiter.api.Assertions.assertThrows(Assertions.java:3128)
	at com.order.management.ServiceImpl.OrderManagementServiceTest.testDeleteOrder_NotFound(OrderManagementServiceTest.java:141)
	at java.base/java.lang.reflect.Method.invoke(Method.java:580)
	at java.base/java.util.ArrayList.forEach(ArrayList.java:1597)
	at java.base/java.util.ArrayList.forEach(ArrayList.java:1597)
Caused by: java.lang.RuntimeException: Order not found
	at com.order.management.ServiceImpl.OrderManagementServiceImpl.lambda$deleteOrder$3(OrderManagementServiceImpl.java:108)
	at java.base/java.util.Optional.orElseThrow(Optional.java:403)
	at com.order.management.ServiceImpl.OrderManagementServiceImpl.deleteOrder(OrderManagementServiceImpl.java:108)
	at com.order.management.ServiceImpl.OrderManagementServiceTest.lambda$testDeleteOrder_NotFound$3(OrderManagementServiceTest.java:141)
	at org.junit.jupiter.api.AssertThrows.assertThrows(AssertThrows.java:53)
	... 6 more
]]></failure>
    <system-out><![CDATA[2025-02-12T17:58:55.224+05:30  INFO 6776 --- [OrderManagement] [           main] c.o.m.S.OrderManagementServiceTest       : Setting up test data...
2025-02-12T17:58:55.227+05:30  INFO 6776 --- [OrderManagement] [           main] c.o.m.S.OrderManagementServiceImpl       : Deleting order with ID: 2
]]></system-out>
  </testcase>
  <testcase name="testGetOrderById_NotFound" classname="com.order.management.ServiceImpl.OrderManagementServiceTest" time="0.036">
    <system-out><![CDATA[2025-02-12T17:58:55.245+05:30  INFO 6776 --- [OrderManagement] [           main] c.o.m.S.OrderManagementServiceTest       : Setting up test data...
2025-02-12T17:58:55.251+05:30  INFO 6776 --- [OrderManagement] [           main] c.o.m.S.OrderManagementServiceImpl       : Fetching order with ID: 2
2025-02-12T17:58:55.265+05:30  INFO 6776 --- [OrderManagement] [           main] c.o.m.S.OrderManagementServiceTest       : testGetOrderById_NotFound passed!
]]></system-out>
  </testcase>
  <testcase name="testCreateOrder_Success" classname="com.order.management.ServiceImpl.OrderManagementServiceTest" time="0.016">
    <failure message="expected: &lt;null&gt; but was: &lt;John Doe&gt;" type="org.opentest4j.AssertionFailedError"><![CDATA[org.opentest4j.AssertionFailedError: expected: <null> but was: <John Doe>
	at org.junit.jupiter.api.AssertionFailureBuilder.build(AssertionFailureBuilder.java:151)
	at org.junit.jupiter.api.AssertionFailureBuilder.buildAndThrow(AssertionFailureBuilder.java:132)
	at org.junit.jupiter.api.AssertEquals.failNotEqual(AssertEquals.java:197)
	at org.junit.jupiter.api.AssertEquals.assertEquals(AssertEquals.java:182)
	at org.junit.jupiter.api.AssertEquals.assertEquals(AssertEquals.java:177)
	at org.junit.jupiter.api.Assertions.assertEquals(Assertions.java:1145)
	at com.order.management.ServiceImpl.OrderManagementServiceTest.testCreateOrder_Success(OrderManagementServiceTest.java:73)
	at java.base/java.lang.reflect.Method.invoke(Method.java:580)
	at java.base/java.util.ArrayList.forEach(ArrayList.java:1597)
	at java.base/java.util.ArrayList.forEach(ArrayList.java:1597)
]]></failure>
    <system-out><![CDATA[2025-02-12T17:58:55.291+05:30  INFO 6776 --- [OrderManagement] [           main] c.o.m.S.OrderManagementServiceTest       : Setting up test data...
2025-02-12T17:58:55.293+05:30  INFO 6776 --- [OrderManagement] [           main] c.o.m.S.OrderManagementServiceImpl       : Creating order for customer: null
2025-02-12T17:58:55.293+05:30  INFO 6776 --- [OrderManagement] [           main] c.o.m.S.OrderManagementServiceImpl       : Order created successfully with ID: 1
]]></system-out>
  </testcase>
  <testcase name="testGetOrderById_Success" classname="com.order.management.ServiceImpl.OrderManagementServiceTest" time="0.031">
    <error message="&#10;Strict stubbing argument mismatch. Please check:&#10; - this invocation of &apos;findById&apos; method:&#10;    orderRepository.findById(2L);&#10;    -&gt; at com.order.management.ServiceImpl.OrderManagementServiceImpl.getOrderById(OrderManagementServiceImpl.java:62)&#10; - has following stubbing(s) with different arguments:&#10;    1. orderRepository.findById(1L);&#10;      -&gt; at com.order.management.ServiceImpl.OrderManagementServiceTest.testGetOrderById_Success(OrderManagementServiceTest.java:81)&#10;Typically, stubbing argument mismatch indicates user mistake when writing tests.&#10;Mockito fails early so that you can debug potential problem easily.&#10;However, there are legit scenarios when this exception generates false negative signal:&#10;  - stubbing the same method multiple times using &apos;given().will()&apos; or &apos;when().then()&apos; API&#10;    Please use &apos;will().given()&apos; or &apos;doReturn().when()&apos; API for stubbing.&#10;  - stubbed method is intentionally invoked with different arguments by code under test&#10;    Please use default or &apos;silent&apos; JUnit Rule (equivalent of Strictness.LENIENT).&#10;For more information see javadoc for PotentialStubbingProblem class." type="org.mockito.exceptions.misusing.PotentialStubbingProblem"><![CDATA[org.mockito.exceptions.misusing.PotentialStubbingProblem: 

Strict stubbing argument mismatch. Please check:
 - this invocation of 'findById' method:
    orderRepository.findById(2L);
    -> at com.order.management.ServiceImpl.OrderManagementServiceImpl.getOrderById(OrderManagementServiceImpl.java:62)
 - has following stubbing(s) with different arguments:
    1. orderRepository.findById(1L);
      -> at com.order.management.ServiceImpl.OrderManagementServiceTest.testGetOrderById_Success(OrderManagementServiceTest.java:81)
Typically, stubbing argument mismatch indicates user mistake when writing tests.
Mockito fails early so that you can debug potential problem easily.
However, there are legit scenarios when this exception generates false negative signal:
  - stubbing the same method multiple times using 'given().will()' or 'when().then()' API
    Please use 'will().given()' or 'doReturn().when()' API for stubbing.
  - stubbed method is intentionally invoked with different arguments by code under test
    Please use default or 'silent' JUnit Rule (equivalent of Strictness.LENIENT).
For more information see javadoc for PotentialStubbingProblem class.
	at com.order.management.ServiceImpl.OrderManagementServiceImpl.getOrderById(OrderManagementServiceImpl.java:62)
	at com.order.management.ServiceImpl.OrderManagementServiceTest.testGetOrderById_Success(OrderManagementServiceTest.java:83)
	at java.base/java.lang.reflect.Method.invoke(Method.java:580)
	at java.base/java.util.ArrayList.forEach(ArrayList.java:1597)
	at java.base/java.util.ArrayList.forEach(ArrayList.java:1597)
]]></error>
    <system-out><![CDATA[2025-02-12T17:58:55.307+05:30  INFO 6776 --- [OrderManagement] [           main] c.o.m.S.OrderManagementServiceTest       : Setting up test data...
2025-02-12T17:58:55.308+05:30  INFO 6776 --- [OrderManagement] [           main] c.o.m.S.OrderManagementServiceImpl       : Fetching order with ID: 2
]]></system-out>
  </testcase>
  <testcase name="testListOrders_WithFilters" classname="com.order.management.ServiceImpl.OrderManagementServiceTest" time="0.021">
    <system-out><![CDATA[2025-02-12T17:58:55.358+05:30  INFO 6776 --- [OrderManagement] [           main] c.o.m.S.OrderManagementServiceTest       : Setting up test data...
2025-02-12T17:58:55.359+05:30  INFO 6776 --- [OrderManagement] [           main] c.o.m.S.OrderManagementServiceImpl       : Fetching orders with filters - Status: NEW, Start Date: null, End Date: null
2025-02-12T17:58:55.361+05:30  INFO 6776 --- [OrderManagement] [           main] c.o.m.S.OrderManagementServiceTest       : testListOrders_WithFilters passed!
]]></system-out>
  </testcase>
  <testcase name="testUpdateOrder_NotFound" classname="com.order.management.ServiceImpl.OrderManagementServiceTest" time="0.013">
    <system-out><![CDATA[2025-02-12T17:58:55.375+05:30  INFO 6776 --- [OrderManagement] [           main] c.o.m.S.OrderManagementServiceTest       : Setting up test data...
2025-02-12T17:58:55.378+05:30  INFO 6776 --- [OrderManagement] [           main] c.o.m.S.OrderManagementServiceImpl       : Updating order with ID: 2
2025-02-12T17:58:55.379+05:30  INFO 6776 --- [OrderManagement] [           main] c.o.m.S.OrderManagementServiceTest       : testUpdateOrder_NotFound passed!
]]></system-out>
  </testcase>
  <testcase name="testListOrders_All" classname="com.order.management.ServiceImpl.OrderManagementServiceTest" time="0.011">
    <system-out><![CDATA[2025-02-12T17:58:55.392+05:30  INFO 6776 --- [OrderManagement] [           main] c.o.m.S.OrderManagementServiceTest       : Setting up test data...
2025-02-12T17:58:55.393+05:30  INFO 6776 --- [OrderManagement] [           main] c.o.m.S.OrderManagementServiceImpl       : Fetching orders with filters - Status: null, Start Date: null, End Date: null
2025-02-12T17:58:55.393+05:30  INFO 6776 --- [OrderManagement] [           main] c.o.m.S.OrderManagementServiceTest       : testListOrders_All passed!
]]></system-out>
  </testcase>
  <testcase name="testDeleteOrder_Success" classname="com.order.management.ServiceImpl.OrderManagementServiceTest" time="0.021">
    <system-out><![CDATA[2025-02-12T17:58:55.410+05:30  INFO 6776 --- [OrderManagement] [           main] c.o.m.S.OrderManagementServiceTest       : Setting up test data...
2025-02-12T17:58:55.413+05:30  INFO 6776 --- [OrderManagement] [           main] c.o.m.S.OrderManagementServiceImpl       : Deleting order with ID: 1
2025-02-12T17:58:55.414+05:30  INFO 6776 --- [OrderManagement] [           main] c.o.m.S.OrderManagementServiceImpl       : Order deleted successfully with ID: 1
2025-02-12T17:58:55.415+05:30  INFO 6776 --- [OrderManagement] [           main] c.o.m.S.OrderManagementServiceTest       : testDeleteOrder_Success passed!
]]></system-out>
  </testcase>
</testsuite>